# JRE version: OpenJDK Runtime Environment (11.0.15) (build 11.0.15+0-b2043.56-8887301)
# Java VM: OpenJDK 64-Bit Server VM (11.0.15+0-b2043.56-8887301, mixed mode, tiered, compressed oops, g1 gc, windows-amd64)
Heap:
 garbage-first heap   total 558080K, used 431080K [0x0000000080000000, 0x0000000100000000)
  region size 1024K, 329 young (336896K), 23 survivors (23552K)
 Metaspace       used 50489K, capacity 51779K, committed 52144K, reserved 1095680K
  class space    used 6385K, capacity 6853K, committed 6912K, reserved 1048576K
GC Heap History (20 events):
Event: 18.290 GC heap after
{Heap after GC invocations=44 (full 0):
 garbage-first heap   total 315392K, used 111680K [0x0000000080000000, 0x0000000100000000)
  region size 1024K, 13 young (13312K), 13 survivors (13312K)
 Metaspace       used 50485K, capacity 51779K, committed 52144K, reserved 1095680K
  class space    used 6385K, capacity 6853K, committed 6912K, reserved 1048576K
}
Event: 18.386 GC heap before
{Heap before GC invocations=44 (full 0):
 garbage-first heap   total 315392K, used 268352K [0x0000000080000000, 0x0000000100000000)
  region size 1024K, 166 young (169984K), 13 survivors (13312K)
 Metaspace       used 50485K, capacity 51779K, committed 52144K, reserved 1095680K
  class space    used 6385K, capacity 6853K, committed 6912K, reserved 1048576K
}
Event: 18.396 GC heap after
{Heap after GC invocations=45 (full 0):
 garbage-first heap   total 378880K, used 113593K [0x0000000080000000, 0x0000000100000000)
  region size 1024K, 13 young (13312K), 13 survivors (13312K)
 Metaspace       used 50485K, capacity 51779K, committed 52144K, reserved 1095680K
  class space    used 6385K, capacity 6853K, committed 6912K, reserved 1048576K
}
Event: 18.563 GC heap before
{Heap before GC invocations=45 (full 0):
 garbage-first heap   total 378880K, used 318393K [0x0000000080000000, 0x0000000100000000)
  region size 1024K, 211 young (216064K), 13 survivors (13312K)
 Metaspace       used 50486K, capacity 51779K, committed 52144K, reserved 1095680K
  class space    used 6385K, capacity 6853K, committed 6912K, reserved 1048576K
}
Event: 18.568 GC heap after
{Heap after GC invocations=46 (full 0):
 garbage-first heap   total 378880K, used 108322K [0x0000000080000000, 0x0000000100000000)
  region size 1024K, 11 young (11264K), 11 survivors (11264K)
 Metaspace       used 50486K, capacity 51779K, committed 52144K, reserved 1095680K
  class space    used 6385K, capacity 6853K, committed 6912K, reserved 1048576K
}
Event: 18.753 GC heap before
{Heap before GC invocations=46 (full 0):
 garbage-first heap   total 378880K, used 324386K [0x0000000080000000, 0x0000000100000000)
  region size 1024K, 222 young (227328K), 11 survivors (11264K)
 Metaspace       used 50487K, capacity 51779K, committed 52144K, reserved 1095680K
  class space    used 6385K, capacity 6853K, committed 6912K, reserved 1048576K
}
Event: 18.758 GC heap after
{Heap after GC invocations=47 (full 0):
 garbage-first heap   total 378880K, used 109655K [0x0000000080000000, 0x0000000100000000)
  region size 1024K, 12 young (12288K), 12 survivors (12288K)
 Metaspace       used 50487K, capacity 51779K, committed 52144K, reserved 1095680K
  class space    used 6385K, capacity 6853K, committed 6912K, reserved 1048576K
}
Event: 19.012 GC heap before
{Heap before GC invocations=47 (full 0):
 garbage-first heap   total 378880K, used 327767K [0x0000000080000000, 0x0000000100000000)
  region size 1024K, 222 young (227328K), 12 survivors (12288K)
 Metaspace       used 50487K, capacity 51779K, committed 52144K, reserved 1095680K
  class space    used 6385K, capacity 6853K, committed 6912K, reserved 1048576K
}
Event: 19.020 GC heap after
{Heap after GC invocations=48 (full 0):
 garbage-first heap   total 378880K, used 103681K [0x0000000080000000, 0x0000000100000000)
  region size 1024K, 10 young (10240K), 10 survivors (10240K)
 Metaspace       used 50487K, capacity 51779K, committed 52144K, reserved 1095680K
  class space    used 6385K, capacity 6853K, committed 6912K, reserved 1048576K
}
Event: 19.376 GC heap before
{Heap before GC invocations=48 (full 0):
 garbage-first heap   total 378880K, used 320769K [0x0000000080000000, 0x0000000100000000)
  region size 1024K, 222 young (227328K), 10 survivors (10240K)
 Metaspace       used 50489K, capacity 51779K, committed 52144K, reserved 1095680K
  class space    used 6385K, capacity 6853K, committed 6912K, reserved 1048576K
}
Event: 19.386 GC heap after
{Heap after GC invocations=49 (full 0):
 garbage-first heap   total 475136K, used 105826K [0x0000000080000000, 0x0000000100000000)
  region size 1024K, 12 young (12288K), 12 survivors (12288K)
 Metaspace       used 50489K, capacity 51779K, committed 52144K, reserved 1095680K
  class space    used 6385K, capacity 6853K, committed 6912K, reserved 1048576K
}
Event: 19.973 GC heap before
{Heap before GC invocations=49 (full 0):
 garbage-first heap   total 475136K, used 382306K [0x0000000080000000, 0x0000000100000000)
  region size 1024K, 278 young (284672K), 12 survivors (12288K)
 Metaspace       used 50489K, capacity 51779K, committed 52144K, reserved 1095680K
  class space    used 6385K, capacity 6853K, committed 6912K, reserved 1048576K
}
Event: 19.985 GC heap after
{Heap after GC invocations=50 (full 0):
 garbage-first heap   total 475136K, used 109036K [0x0000000080000000, 0x0000000100000000)
  region size 1024K, 14 young (14336K), 14 survivors (14336K)
 Metaspace       used 50489K, capacity 51779K, committed 52144K, reserved 1095680K
  class space    used 6385K, capacity 6853K, committed 6912K, reserved 1048576K
}
Event: 20.463 GC heap before
{Heap before GC invocations=50 (full 0):
 garbage-first heap   total 475136K, used 388588K [0x0000000080000000, 0x0000000100000000)
  region size 1024K, 278 young (284672K), 14 survivors (14336K)
 Metaspace       used 50489K, capacity 51779K, committed 52144K, reserved 1095680K
  class space    used 6385K, capacity 6853K, committed 6912K, reserved 1048576K
}
Event: 20.477 GC heap after
{Heap after GC invocations=51 (full 0):
 garbage-first heap   total 475136K, used 111385K [0x0000000080000000, 0x0000000100000000)
  region size 1024K, 16 young (16384K), 16 survivors (16384K)
 Metaspace       used 50489K, capacity 51779K, committed 52144K, reserved 1095680K
  class space    used 6385K, capacity 6853K, committed 6912K, reserved 1048576K
}
Event: 20.939 GC heap before
{Heap before GC invocations=51 (full 0):
 garbage-first heap   total 475136K, used 382745K [0x0000000080000000, 0x0000000100000000)
  region size 1024K, 278 young (284672K), 16 survivors (16384K)
 Metaspace       used 50489K, capacity 51779K, committed 52144K, reserved 1095680K
  class space    used 6385K, capacity 6853K, committed 6912K, reserved 1048576K
}
Event: 20.955 GC heap after
{Heap after GC invocations=52 (full 0):
 garbage-first heap   total 475136K, used 115004K [0x0000000080000000, 0x0000000100000000)
  region size 1024K, 19 young (19456K), 19 survivors (19456K)
 Metaspace       used 50489K, capacity 51779K, committed 52144K, reserved 1095680K
  class space    used 6385K, capacity 6853K, committed 6912K, reserved 1048576K
}
Event: 21.440 GC heap before
{Heap before GC invocations=52 (full 0):
 garbage-first heap   total 475136K, used 380220K [0x0000000080000000, 0x0000000100000000)
  region size 1024K, 278 young (284672K), 19 survivors (19456K)
 Metaspace       used 50489K, capacity 51779K, committed 52144K, reserved 1095680K
  class space    used 6385K, capacity 6853K, committed 6912K, reserved 1048576K
}
Event: 21.460 GC heap after
{Heap after GC invocations=53 (full 0):
 garbage-first heap   total 558080K, used 117736K [0x0000000080000000, 0x0000000100000000)
  region size 1024K, 21 young (21504K), 21 survivors (21504K)
 Metaspace       used 50489K, capacity 51779K, committed 52144K, reserved 1095680K
  class space    used 6385K, capacity 6853K, committed 6912K, reserved 1048576K
}
Event: 21.978 GC heap before
{Heap before GC invocations=53 (full 0):
 garbage-first heap   total 558080K, used 431080K [0x0000000080000000, 0x0000000100000000)
  region size 1024K, 327 young (334848K), 21 survivors (21504K)
 Metaspace       used 50489K, capacity 51779K, committed 52144K, reserved 1095680K
  class space    used 6385K, capacity 6853K, committed 6912K, reserved 1048576K
}

